生成启动时间为 2015/9/25 10:01:22。
     1>项目“F:\DataStructure\Apriori\Apriori\Apriori.vcxproj”在节点 2 上(Build 个目标)。
     1>ClCompile:
         C:\Program Files (x86)\Microsoft Visual Studio 14.0\VC\bin\CL.exe /c /Zi /nologo /W3 /WX- /sdl /O2 /Oi /Oy- /GL /D WIN32 /D NDEBUG /D _CONSOLE /D _UNICODE /D UNICODE /Gm- /EHsc /MD /GS /Gy /fp:precise /Zc:wchar_t /Zc:forScope /Zc:inline /openmp /Yu"stdafx.h" /Fp"Release\Apriori.pch" /Fo"Release\\" /Fd"Release\vc140.pdb" /Gd /TP /analyze- /errorReport:prompt Apriori.cpp
         Apriori.cpp
     1>Apriori.cpp(79): warning C4018: “<”: 有符号/无符号不匹配
     1>Apriori.cpp(81): warning C4018: “<”: 有符号/无符号不匹配
     1>Apriori.cpp(95): warning C4018: “<”: 有符号/无符号不匹配
     1>Apriori.cpp(99): warning C4018: “<”: 有符号/无符号不匹配
     1>Apriori.cpp(101): warning C4018: “<”: 有符号/无符号不匹配
     1>Apriori.cpp(107): warning C4018: “<”: 有符号/无符号不匹配
     1>Apriori.cpp(141): warning C4018: “<=”: 有符号/无符号不匹配
     1>Apriori.cpp(144): warning C4018: “<”: 有符号/无符号不匹配
     1>Apriori.cpp(170): warning C4018: “<”: 有符号/无符号不匹配
     1>Apriori.cpp(177): warning C4018: “<”: 有符号/无符号不匹配
     1>Apriori.cpp(188): warning C4018: “<”: 有符号/无符号不匹配
     1>Apriori.cpp(238): warning C4018: “<=”: 有符号/无符号不匹配
     1>Apriori.cpp(240): warning C4018: “<”: 有符号/无符号不匹配
     1>Apriori.cpp(246): warning C4018: “<”: 有符号/无符号不匹配
     1>Apriori.cpp(257): warning C4018: “<=”: 有符号/无符号不匹配
     1>Apriori.cpp(259): warning C4018: “<”: 有符号/无符号不匹配
     1>Apriori.cpp(268): warning C4018: “<”: 有符号/无符号不匹配
     1>Apriori.cpp(279): warning C4018: “<=”: 有符号/无符号不匹配
     1>Apriori.cpp(281): warning C4018: “<”: 有符号/无符号不匹配
     1>Apriori.cpp(286): warning C4018: “<”: 有符号/无符号不匹配
     1>Apriori.cpp(295): warning C4018: “<”: 有符号/无符号不匹配
     1>Apriori.cpp(321): warning C4018: “<”: 有符号/无符号不匹配
     1>Apriori.cpp(328): warning C4018: “<”: 有符号/无符号不匹配
       Link:
         C:\Program Files (x86)\Microsoft Visual Studio 14.0\VC\bin\link.exe /ERRORREPORT:PROMPT /OUT:"F:\DataStructure\Apriori\Release\Apriori.exe" /INCREMENTAL:NO /NOLOGO kernel32.lib user32.lib gdi32.lib winspool.lib comdlg32.lib advapi32.lib shell32.lib ole32.lib oleaut32.lib uuid.lib odbc32.lib odbccp32.lib /MANIFEST /MANIFESTUAC:"level='asInvoker' uiAccess='false'" /manifest:embed /Debug /PDB:"F:\DataStructure\Apriori\Release\Apriori.pdb" /SUBSYSTEM:CONSOLE /OPT:REF /OPT:ICF /LTCG:incremental /TLBID:1 /DYNAMICBASE /NXCOMPAT /IMPLIB:"F:\DataStructure\Apriori\Release\Apriori.lib" /MACHINE:X86 /SAFESEH Release\Apriori.obj
         Release\stdafx.obj
         正在生成代码
         3 of 1178 functions ( 0.3%) were compiled, the rest were copied from previous compilation.
           2 functions were new in current compilation
           1 functions had inline decision re-evaluated but remain unchanged
         已完成代码的生成
         Apriori.vcxproj -> F:\DataStructure\Apriori\Release\Apriori.exe
     1>已完成生成项目“F:\DataStructure\Apriori\Apriori\Apriori.vcxproj”(Build 个目标)的操作。

已成功生成。

已用时间 00:00:02.49
